1570718374864	mozrunner::runner	INFO	Running command: "D:\\Program Files (x86)\\Mozilla Firefox\\firefox.exe" "-marionette" "-foreground" "-no-remote" "-profile" "C:\\Users\\ThinkPad\\AppData\\Local\\Temp\\rust_mozprofilew1NbT2"
1570718375894	addons.webextension.screenshots@mozilla.org	WARN	Loading extension 'screenshots@mozilla.org': Reading manifest: Invalid extension permission: mozillaAddons
1570718375895	addons.webextension.screenshots@mozilla.org	WARN	Loading extension 'screenshots@mozilla.org': Reading manifest: Invalid extension permission: telemetry
1570718375895	addons.webextension.screenshots@mozilla.org	WARN	Loading extension 'screenshots@mozilla.org': Reading manifest: Invalid extension permission: resource://pdf.js/
1570718375896	addons.webextension.screenshots@mozilla.org	WARN	Loading extension 'screenshots@mozilla.org': Reading manifest: Invalid extension permission: about:reader*
JavaScript error: resource://gre/modules/XULStore.jsm, line 66: Error: Can't find profile directory.
1570718379910	Marionette	INFO	Listening on port 60866
1570718380118	Marionette	WARN	TLS certificate errors will be ignored for this session
1570718388226	Marionette	INFO	Stopped listening on port 60866
[Child 3260, Chrome_ChildThread] WARNING: pipe error: 109: file z:/task_1569974145/build/src/ipc/chromium/src/chrome/common/ipc_channel_win.cc, line 341
[Child 3260, Chrome_ChildThread] WARNING: pipe error: 109: file z:/task_1569974145/build/src/ipc/chromium/src/chrome/common/ipc_channel_win.cc, line 341
[
###!!! [Child][MessageChannel::SendAndWait] Error: Channel error: cannot send/recv

1570721072519	mozrunner::runner	INFO	Running command: "D:\\Program Files (x86)\\Mozilla Firefox\\firefox.exe" "-marionette" "-foreground" "-no-remote" "-profile" "C:\\Users\\ThinkPad\\AppData\\Local\\Temp\\rust_mozprofileFpCghK"
1570721076207	addons.webextension.screenshots@mozilla.org	WARN	Loading extension 'screenshots@mozilla.org': Reading manifest: Invalid extension permission: mozillaAddons
1570721076207	addons.webextension.screenshots@mozilla.org	WARN	Loading extension 'screenshots@mozilla.org': Reading manifest: Invalid extension permission: telemetry
1570721076208	addons.webextension.screenshots@mozilla.org	WARN	Loading extension 'screenshots@mozilla.org': Reading manifest: Invalid extension permission: resource://pdf.js/
1570721076208	addons.webextension.screenshots@mozilla.org	WARN	Loading extension 'screenshots@mozilla.org': Reading manifest: Invalid extension permission: about:reader*
JavaScript error: resource://gre/modules/XULStore.jsm, line 66: Error: Can't find profile directory.
[Child 6952, Chrome_ChildThread] WARNING: pipe error: 109: file z:/task_1569974145/build/src/ipc/chromium/src/chrome/common/ipc_channel_win.cc, line 341
[Child 6952, Chrome_ChildThread] WARNING: pipe error: 109: file z:/task_1569974145/build/src/ipc/chromium/src/chrome/common/ipc_channel_win.cc, line 341

###!!! [Child][RunMessage] Error: Channel closing: too late to send/recv, messages will be lost

1570721084603	Marionette	INFO	Listening on port 62624
1570721085090	Marionette	WARN	TLS certificate errors will be ignored for this session
1570721092075	Marionette	INFO	Stopped listening on port 62624
[Parent 14548, Gecko_IOThread] WARNING: pipe error: 109: file z:/task_1569974145/build/src/ipc/chromium/src/chrome/common/ipc_channel_win.cc, line 341
[Child 18352, Chrome_ChildThread] WARNING: pipe error: 109: file z:/task_1569974145/build/src/ipc/chromium/src/chrome/common/ipc_channel_win.cc, line 341
[Child 1548, Chrome_ChildThrea[Parent 14548, Gecko_IOThread] WARNING: pipe error: 109: file z:/task_1569974145/build/src/ipc/chromium/src/chrome/common/ipc_channel_win.cc, line 341

###!!! [Child][RunMessage] Error: Channel closing: too late to send/recv, messages will be lost

[GPU
###!!! [Child][MessageChannel::SendAndWait] Error: Channel error: cannot send/recv

1570722341197	mozrunner::runner	INFO	Running command: "D:\\Program Files (x86)\\Mozilla Firefox\\firefox.exe" "-marionette" "-foreground" "-no-remote" "-profile" "C:\\Users\\ThinkPad\\AppData\\Local\\Temp\\rust_mozprofilemQLxcz"
1570722343323	addons.webextension.screenshots@mozilla.org	WARN	Loading extension 'screenshots@mozilla.org': Reading manifest: Invalid extension permission: mozillaAddons
1570722343323	addons.webextension.screenshots@mozilla.org	WARN	Loading extension 'screenshots@mozilla.org': Reading manifest: Invalid extension permission: telemetry
1570722343324	addons.webextension.screenshots@mozilla.org	WARN	Loading extension 'screenshots@mozilla.org': Reading manifest: Invalid extension permission: resource://pdf.js/
1570722343324	addons.webextension.screenshots@mozilla.org	WARN	Loading extension 'screenshots@mozilla.org': Reading manifest: Invalid extension permission: about:reader*
JavaScript error: resource://gre/modules/XULStore.jsm, line 66: Error: Can't find profile directory.
[Child 3292, Chrome_ChildThread] WARNING: pipe error: 109: file z:/task_1569974145/build/src/ipc/chromium/src/chrome/common/ipc_channel_win.cc, line 341
[Child 3292, Chrome_Ch1570722353720	Marionette	INFO	Listening on port 63069
1570722354245	Marionette	WARN	TLS certificate errors will be ignored for this session
[Parent 15676, Gecko_IOThread] WARNING: pipe error: 109: file z:/task_1569974145/build/src/ipc/chromium/src/chrome/common/ipc_channel_win.cc, line 341
[Parent 15676, Gecko_IOThread] WARNING: pipe error: 109: file z:/task_1569974145/build/src/ipc/chromium/src/chrome/common/ipc_channel_win.cc, line 341
[Child 17532, Chrome_ChildThread] WARNING: pipe error: 109: file z:/task_1569974145/build/src/ipc/chromium/src/chrome/common/ipc_channel_win.cc, line 341
[Child 6792, Chrome_ChildThread] WARNING: pipe error: 109: file z:/task_156997414[Parent 15676, Gecko_IOThread] WARNING: pipe error: 109: file z:/task_1569974145/build/src/ipc/chromium/src/chrome/common/ipc_channel_win.cc, line 341
[Child 15624, Chrome_ChildThread] WARNING: pipe error: 109: file z:/task_1569974145/build/src/ipc/chromium/src/chrome/common/ipc_channel_win.cc, line 341
[Child 15624, Chrome_ChildThr5/build/src/ipc/chromium/src/chrome/common/ipc_channel_win.cc, line 341
[Child 6792, Chrome_ChildThread] WARNING: pipe error: 109: file z:/task_1569974145/build/src/ipc/chromium/src/chrome/common/ipc_channel_win.cc, line 341
1570722523694	Marionette	INFO	Stopped listening on port 63069

###!!! [Child][MessageChannel::SendAndWait] Error: Channel error: cannot send/recv

[Parent 15676, Gecko_IOThread] WARNING: pipe error: 232: file z:/task_1569974145/build/src/ipc/chromium/src/chrome/common/ipc_channel_win.cc, line 502
1570723040650	mozrunner::runner	INFO	Running command: "D:\\Program Files (x86)\\Mozilla Firefox\\firefox.exe" "-marionette" "-foreground" "-no-remote" "-profile" "C:\\Users\\ThinkPad\\AppData\\Local\\Temp\\rust_mozprofilerHDpWz"
1570723041316	addons.webextension.screenshots@mozilla.org	WARN	Loading extension 'screenshots@mozilla.org': Reading manifest: Invalid extension permission: mozillaAddons
1570723041316	addons.webextension.screenshots@mozilla.org	WARN	Loading extension 'screenshots@mozilla.org': Reading manifest: Invalid extension permission: telemetry
1570723041316	addons.webextension.screenshots@mozilla.org	WARN	Loading extension 'screenshots@mozilla.org': Reading manifest: Invalid extension permission: resource://pdf.js/
1570723041317	addons.webextension.screenshots@mozilla.org	WARN	Loading extension 'screenshots@mozilla.org': Reading manifest: Invalid extension permission: about:reader*
JavaScript error: resource://gre/modules/XULStore.jsm, line 66: Error: Can't find profile directory.
1570723045030	Marionette	INFO	Listening on port 63552
[Child 8836, Chrome_ChildThread] WARNING: pipe error: 109: file z:/task_1569974145/build/src/ipc/chromium/src/chrome/common/ipc_channel_win.cc, line 341
[Child 8836, Chrome_ChildThread] WARNING: pipe error: 109: file z:/task_1569974145/build/src/ipc/chromium/src/chrome/common/ipc_channel_win.cc, line 341
1570723045483	Marionette	WARN	TLS certificate errors will be ignored for this session
[Parent 16436, Gecko_IOThread] WARNING: pipe error: 109: file z:/task_1569974145/build/src/ipc/chromium/src/chrome/common/ipc_channel_win.cc, line 341
[Child 11560, Chrome_ChildThread] WARNING: pipe error: 109: file z:/task_1569974145/build/src/ipc/chromium/src/chrome/common/ipc_channel_win.cc, line 341
[Child 11560, Chr[Parent 16436, Gecko_IOThread] WARNING: pipe error: 109: file z:/task_1569974145/build/src/ipc/chromium/src/chrome/common/ipc_channel_win.cc, line 341
[Parent 16436, Gecko_IOThread] WARNING: pipe error: 109: file z:/task_1569974145/build/src/ipc/chromium/src/chrome/common/ipc_channel_win.cc, line 341
1570723280567	Marionette	INFO	Stopped listening on port 63552

###!!! [Child][MessageChannel::SendAndWait] Error: Channel error: cannot send/recv

reenshots@mozilla.org	WARN	Loading extension 'screenshots@mozilla.org': Reading manifest: Invalid extension permission: about:reader*
JavaScript error: resource://gre/modules/XULStore.jsm, line 66: Error: Can't find profile directory.
1570723173807	Marionette	INFO	Listening on port 63618
1570723174084	Marionette	WARN	TLS certificate errors will be ignored for this session
1570723175458	Marionette	INFO	Stopped listening on port 63618
[Child 15544, Chrome_ChildThread] WARNING: pipe error: 109: file z:/task_1569974145/build/src/ipc/chromium/src/chrome/common/ipc_channel_win.cc, line 341
[Child 15544, Chrome_ChildThread] WARNING: pipe error: 109: file z:/task_1569974145/build/src/ipc/chromium/src/chrome/common/ipc_channel_win.cc, line 341
[Child 13932, Chrome_ChildThread] WARNING: pipe error: 109: file z:/task_1569974145/build/src/ipc/chromium/src/chrome/common/ipc_channel_win.cc, line 341
[Child 13932, Chrome_ChildThread] WARNING: pipe error: 109: file z:/task_1569974145/build/src/ipc/chromium/src/chrome/common/ipc_channel_win.cc, line 341

###!!! [Child][RunMessage] Error: Channel closing: too late to send/recv, messages will be lost

[Parent 19384, Gecko_IOThread] WARNING: pipe error: 109: file z:/task_1569974145/build/src/ipc/chromium/src/chrome/common/ipc_channel_win.cc, line 341
[Child 20380, Chrome_ChildThread] WARNING: pipe error: 109: file z:/task_1569974145/build/src/ipc/chromium/src/chrome/common/ipc_channel_win.cc, line 341
[Child 20380,
###!!! [Child][MessageChannel::SendAndWait] Error: Channel error: cannot send/recv

1570723267041	mozrunner::runner	INFO	Running command: "D:\\Program Files (x86)\\Mozilla Firefox\\firefox.exe" "-marionette" "-foreground" "-no-remote" "-profile" "C:\\Users\\ThinkPad\\AppData\\Local\\Temp\\rust_mozprofileUDGQey"
1570723267698	addons.webextension.screenshots@mozilla.org	WARN	Loading extension 'screenshots@mozilla.org': Reading manifest: Invalid extension permission: mozillaAddons
1570723267699	addons.webextension.screenshots@mozilla.org	WARN	Loading extension 'screenshots@mozilla.org': Reading manifest: Invalid extension permission: telemetry
1570723267699	addons.webextension.screenshots@mozilla.org	WARN	Loading extension 'screenshots@mozilla.org': Reading manifest: Invalid extension permission: resource://pdf.js/
1570723267699	addons.webextension.screenshots@mozilla.org	WARN	Loading extension 'screenshots@mozilla.org': Reading manifest: Invalid extension permission: about:reader*
JavaScript error: resource://gre/modules/XULStore.jsm, line 66: Error: Can't find profile directory.
[Child 2520, Chrome_ChildThread] WARNING: pipe error: 109: file z:/task_1569974145/build/src/ipc/chromium/src/chrome/common/ipc_channel_win.cc, line 341
[Child 2520, Chrome_ChildThread] WARNING: pipe error: 109: file z:/task_1569974145/build/src/ipc/chromium/src/chrome/common/ipc_channel_win.cc, line 341
1570723271483	Marionette	INFO	Listening on port 63695

###!!! [Child][RunMessage] Error: Channel closing: too late to send/recv, messages will be lost

1570723271904	Marionette	WARN	TLS certificate errors will be ignored for this session
JavaScript error: https://ss1.bdstatic.com/5eN1bjq8AAUYm2zgoY3K/r/www/cache/static/protocol/https/plugins/every_cookie_4644b13.js, line 4: ReferenceError: c is not defined
1570723273057	Marionette	INFO	Stopped listening on port 63695
[Parent 6528, Gecko_IOThread] WARNING: pipe error: 109: file z:/task_1569974145/build/src/ipc/chromium/src/chrome/common/ipc_channel_win.cc, line 341
[Child 16860, Chrome_ChildThread] WARNING: pipe error: 109: file z:/task_1569974145/build/src/ipc/chromium/src/chrome/common/ipc_channel_win.cc, line 341
[Child 168[Child 16764, Chrome_ChildThread] WARNING: pipe error: 109: file z:/task_1569974145/build/src/ipc/chromium/src/chrome/common/ipc_channel_win.cc, line 341
[Child 16764, Chrome_Chi[Parent 6528, Gecko_IOThread] WARNING: pipe error: 109: file z:/task_1569974145/build/src/ipc/chromium/src/chrome/common/ipc_channel_win.cc, line 341
[Child 14140, Chrome_ChildThread] WARNING: pipe error: 109: file z:/task_1569974145/build/src/ipc/chromium/src/chrome/common/ipc_channel_win.cc, line 341
[Child 14140[GPU 12168, 
###!!! [Child][MessageChannel::SendAndWait] Error: Channel error: cannot send/recv

1570723322303	mozrunner::runner	INFO	Running command: "D:\\Program Files (x86)\\Mozilla Firefox\\firefox.exe" "-marionette" "-foreground" "-no-remote" "-profile" "C:\\Users\\ThinkPad\\AppData\\Local\\Temp\\rust_mozprofileqlDbtJ"
1570723322867	addons.webextension.screenshots@mozilla.org	WARN	Loading extension 'screenshots@mozilla.org': Reading manifest: Invalid extension permission: mozillaAddons
1570723322867	addons.webextension.screenshots@mozilla.org	WARN	Loading extension 'screenshots@mozilla.org': Reading manifest: Invalid extension permission: telemetry
1570723322867	addons.webextension.screenshots@mozilla.org	WARN	Loading extension 'screenshots@mozilla.org': Reading manifest: Invalid extension permission: resource://pdf.js/
1570723322868	addons.webextension.screenshots@mozilla.org	WARN	Loading extension 'screenshots@mozilla.org': Reading manifest: Invalid extension permission: about:reader*
JavaScript error: resource://gre/modules/XULStore.jsm, line 66: Error: Can't find profile directory.
1570723326591	Marionette	INFO	Listening on port 63758
1570723326613	Marionette	WARN	TLS certificate errors will be ignored for this session
[Parent 14552, Gecko_IOThread] WARNING: pipe error: 109: file z:/task_1569974145/build/src/ipc/chromium/src/chrome/common/ipc_channel_win.cc, line 341
[Child 1324, Chrome_ChildThread] WARNING: pipe error: 109: file z:/task_1569974145/build/src/ipc/chromium/src/chrome/common/ipc_channel_win.cc, line 341
[Child 1324, Chrome_ChildThread] WARNING: pipe error: 109: file z:/task_1569974145/build/src/ipc/chromium/src/chrome/common/ipc_channel_win.cc, line 341
JavaScript error: https://ss1.bdstatic.com/5eN1bjq8AAUYm2zgoY3K/r/www/cache/static/protocol/https/plugins/every_cookie_4644b13.js, line 4: ReferenceError: c is not defined
1570723327867	Marionette	INFO	Stopped listening on port 63758
[Parent 14552, Gecko_IOThread] WARNING: pipe error: 109: file z:/task_1569974145/build/src/ipc/chromium/src/chrome/common/ipc_channel_win.cc, line 341
[Parent 14552, Gecko_IOThread] WARNING: pipe error: 109: file z:/task_1569974145/build/src/ipc/chromium/src/chrome/common/ipc_channel_win.cc, line 341
[Child 7460, Chrome_ChildThread] WARNING: pipe error: 109: file z:/task_1569974145/build/src/ipc/chromium/src/chrome/common/ipc_channel_win.cc, line 341
[Child 7460, Chrome[Parent 14552, Gecko_IOThread] WARNING: pipe error: 109: file z:/task_1569974145/build/src/ipc/chromium/src/chrome/common/ipc_channel_win.cc, line 341

###!!! [Child][RunMessage] Error: Channel closing: too late to send/recv, messages will be lost

[GPU 
###!!! [Child][MessageChannel::SendAndWait] Error: Channel error: cannot send/recv

1570723476373	mozrunner::runner	INFO	Running command: "D:\\Program Files (x86)\\Mozilla Firefox\\firefox.exe" "-marionette" "-foreground" "-no-remote" "-profile" "C:\\Users\\ThinkPad\\AppData\\Local\\Temp\\rust_mozprofileZKIJbh"
1570723476949	addons.webextension.screenshots@mozilla.org	WARN	Loading extension 'screenshots@mozilla.org': Reading manifest: Invalid extension permission: mozillaAddons
1570723476950	addons.webextension.screenshots@mozilla.org	WARN	Loading extension 'screenshots@mozilla.org': Reading manifest: Invalid extension permission: telemetry
1570723476950	addons.webextension.screenshots@mozilla.org	WARN	Loading extension 'screenshots@mozilla.org': Reading manifest: Invalid extension permission: resource://pdf.js/
1570723476950	addons.webextension.screenshots@mozilla.org	WARN	Loading extension 'screenshots@mozilla.org': Reading manifest: Invalid extension permission: about:reader*
JavaScript error: resource://gre/modules/XULStore.jsm, line 66: Error: Can't find profile directory.
[Parent 9836, Gecko_IOThread] WARNING: pipe error: 109: file z:/task_1569974145/build/src/ipc/chromium/src/chrome/common/ipc_channel_win.cc, line 341
[Child 16080, Chrome_ChildThread] WARNING: pipe error: 109: file z:/task_1569974145/build/src/ipc/chromium/src/chrome/common/ipc_channel_win.cc, line 341
[Child 16080, Chrome_ChildThread] WARNING: pipe error: 109: file z:/task_1569971570723480098	Marionette	INFO	Listening on port 63833
1570723480598	Marionette	WARN	TLS certificate errors will be ignored for this session
JavaScript error: https://ss1.bdstatic.com/5eN1bjq8AAUYm2zgoY3K/r/www/cache/static/protocol/https/plugins/every_cookie_4644b13.js, line 4: ReferenceError: c is not defined
1570723482177	Marionette	INFO	Stopped listening on port 63833
[Parent 9836, Gecko_IOThread] WARNING: pipe error: 109: file z:/task_1569974145/build/src/ipc/chromium/src/chrome/common/ipc_channel_win.cc, line 341
[Child 12048, Chrome_ChildThread] WARNING: pipe error: 109: file z:/task_1569974145/build/src/ipc/chromium/src/chrome/common/ipc_channel_win.cc, line 341
[Parent 9836, Gecko_IOThread] WARNING: pipe error: 109: file z:/task_1569974145/build/src/ipc/chromium/src/chrome/common/ipc_channel_win.cc, line 341
[Child 1124, Chrome_ChildThread] WARNING: pipe error: 109: file z:/task_1569974145/build/src/ipc/chromium/src/chrome/common/ipc_channel_win.cc, line 341
[Child 1124,[Child 2108, Chrome_ChildThread] WARNING: pipe error: 109: file z:/task_1569974145/build/src/ipc/chromium/src/chrome/common/ipc_channel_win.cc, line 341
[Child 2108,[GPU 19
###!!! [Child][RunMessage] Error: Channel closing: too late to send/recv, messages will be lost


###!!! [Child][MessageChannel::SendAndWait] Error: Channel error: cannot send/recv

1570723513198	mozrunner::runner	INFO	Running command: "D:\\Program Files (x86)\\Mozilla Firefox\\firefox.exe" "-marionette" "-foreground" "-no-remote" "-profile" "C:\\Users\\ThinkPad\\AppData\\Local\\Temp\\rust_mozprofileQ3Qb8w"
1570723513804	addons.webextension.screenshots@mozilla.org	WARN	Loading extension 'screenshots@mozilla.org': Reading manifest: Invalid extension permission: mozillaAddons
1570723513804	addons.webextension.screenshots@mozilla.org	WARN	Loading extension 'screenshots@mozilla.org': Reading manifest: Invalid extension permission: telemetry
1570723513804	addons.webextension.screenshots@mozilla.org	WARN	Loading extension 'screenshots@mozilla.org': Reading manifest: Invalid extension permission: resource://pdf.js/
1570723513804	addons.webextension.screenshots@mozilla.org	WARN	Loading extension 'screenshots@mozilla.org': Reading manifest: Invalid extension permission: about:reader*
JavaScript error: resource://gre/modules/XULStore.jsm, line 66: Error: Can't find profile directory.
1570723517258	Marionette	INFO	Listening on port 63904
1570723517408	Marionette	WARN	TLS certificate errors will be ignored for this session
JavaScript error: https://ss1.bdstatic.com/5eN1bjq8AAUYm2zgoY3K/r/www/cache/static/protocol/https/plugins/every_cookie_4644b13.js, line 4: ReferenceError: c is not defined
1570723534905	Marionette	INFO	Stopped listening on port 63904
[Child 9840, Chrome_ChildThread] WARNING: pipe error: 109: file z:/task_1569974145/build/src/ipc/chromium/src/chrome/common/ipc_channel_win.cc, line 341
[Child [Parent 13380, Gecko_IOThread] WARNING: pipe error: 109: file z:/task_1569974145/build/src/ipc/chromium/src/chrome/common/ipc_channel_win.cc, line 341
[Child 15152, Chrome_ChildThread] WARNING: pipe error: 109: file z:/task_1569974145/build/src/ipc/chromium/src/chrome/common/ipc_channel_win.cc, line 341
[Child 1515
###!!! [Child][RunMessage] Error: Channel closing: too late to send/recv, messages will be lost

[GPU 18440, Chrom
###!!! [Child][MessageChannel::SendAndWait] Error: Channel error: cannot send/recv

